# JRE version: OpenJDK Runtime Environment Corretto-11.0.18.10.1 (11.0.18+10) (build 11.0.18+10-LTS)
# Java VM: OpenJDK 64-Bit Server VM Corretto-11.0.18.10.1 (11.0.18+10-LTS, mixed mode, tiered, compressed oops, g1 gc, windows-amd64)
Heap:
 garbage-first heap   total 126976K, used 93094K [0x0000000080000000, 0x0000000100000000)
  region size 1024K, 17 young (17408K), 4 survivors (4096K)
 Metaspace       used 77340K, capacity 79331K, committed 79964K, reserved 1118208K
  class space    used 9851K, capacity 10495K, committed 10752K, reserved 1048576K
GC Heap History (20 events):
Event: 13.062 GC heap before
{Heap before GC invocations=13 (full 0):
 garbage-first heap   total 126976K, used 96237K [0x0000000080000000, 0x0000000100000000)
  region size 1024K, 53 young (54272K), 3 survivors (3072K)
 Metaspace       used 63038K, capacity 64536K, committed 64860K, reserved 1105920K
  class space    used 8052K, capacity 8584K, committed 8704K, reserved 1048576K
}
Event: 13.068 GC heap after
{Heap after GC invocations=14 (full 0):
 garbage-first heap   total 126976K, used 48066K [0x0000000080000000, 0x0000000100000000)
  region size 1024K, 6 young (6144K), 6 survivors (6144K)
 Metaspace       used 63038K, capacity 64536K, committed 64860K, reserved 1105920K
  class space    used 8052K, capacity 8584K, committed 8704K, reserved 1048576K
}
Event: 14.690 GC heap before
{Heap before GC invocations=14 (full 0):
 garbage-first heap   total 126976K, used 97218K [0x0000000080000000, 0x0000000100000000)
  region size 1024K, 54 young (55296K), 6 survivors (6144K)
 Metaspace       used 67919K, capacity 69498K, committed 69596K, reserved 1110016K
  class space    used 8767K, capacity 9324K, committed 9344K, reserved 1048576K
}
Event: 14.700 GC heap after
{Heap after GC invocations=15 (full 0):
 garbage-first heap   total 126976K, used 51050K [0x0000000080000000, 0x0000000100000000)
  region size 1024K, 4 young (4096K), 4 survivors (4096K)
 Metaspace       used 67919K, capacity 69498K, committed 69596K, reserved 1110016K
  class space    used 8767K, capacity 9324K, committed 9344K, reserved 1048576K
}
Event: 16.121 GC heap before
{Heap before GC invocations=15 (full 0):
 garbage-first heap   total 126976K, used 99178K [0x0000000080000000, 0x0000000100000000)
  region size 1024K, 51 young (52224K), 4 survivors (4096K)
 Metaspace       used 71795K, capacity 73425K, committed 73564K, reserved 1114112K
  class space    used 9290K, capacity 9874K, committed 9984K, reserved 1048576K
}
Event: 16.131 GC heap after
{Heap after GC invocations=16 (full 0):
 garbage-first heap   total 126976K, used 55223K [0x0000000080000000, 0x0000000100000000)
  region size 1024K, 7 young (7168K), 7 survivors (7168K)
 Metaspace       used 71795K, capacity 73425K, committed 73564K, reserved 1114112K
  class space    used 9290K, capacity 9874K, committed 9984K, reserved 1048576K
}
Event: 19.966 GC heap before
{Heap before GC invocations=16 (full 0):
 garbage-first heap   total 126976K, used 100279K [0x0000000080000000, 0x0000000100000000)
  region size 1024K, 52 young (53248K), 7 survivors (7168K)
 Metaspace       used 75349K, capacity 77398K, committed 77404K, reserved 1116160K
  class space    used 9773K, capacity 10490K, committed 10496K, reserved 1048576K
}
Event: 19.975 GC heap after
{Heap after GC invocations=17 (full 0):
 garbage-first heap   total 126976K, used 59868K [0x0000000080000000, 0x0000000100000000)
  region size 1024K, 5 young (5120K), 5 survivors (5120K)
 Metaspace       used 75349K, capacity 77398K, committed 77404K, reserved 1116160K
  class space    used 9773K, capacity 10490K, committed 10496K, reserved 1048576K
}
Event: 20.464 GC heap before
{Heap before GC invocations=17 (full 0):
 garbage-first heap   total 126976K, used 100828K [0x0000000080000000, 0x0000000100000000)
  region size 1024K, 46 young (47104K), 5 survivors (5120K)
 Metaspace       used 75876K, capacity 77858K, committed 78044K, reserved 1116160K
  class space    used 9806K, capacity 10508K, committed 10624K, reserved 1048576K
}
Event: 20.470 GC heap after
{Heap after GC invocations=18 (full 0):
 garbage-first heap   total 126976K, used 62532K [0x0000000080000000, 0x0000000100000000)
  region size 1024K, 3 young (3072K), 3 survivors (3072K)
 Metaspace       used 75876K, capacity 77858K, committed 78044K, reserved 1116160K
  class space    used 9806K, capacity 10508K, committed 10624K, reserved 1048576K
}
Event: 23.911 GC heap before
{Heap before GC invocations=18 (full 0):
 garbage-first heap   total 126976K, used 102468K [0x0000000080000000, 0x0000000100000000)
  region size 1024K, 43 young (44032K), 3 survivors (3072K)
 Metaspace       used 77096K, capacity 79168K, committed 79324K, reserved 1118208K
  class space    used 9909K, capacity 10594K, committed 10624K, reserved 1048576K
}
Event: 23.918 GC heap after
{Heap after GC invocations=19 (full 0):
 garbage-first heap   total 126976K, used 62875K [0x0000000080000000, 0x0000000100000000)
  region size 1024K, 4 young (4096K), 4 survivors (4096K)
 Metaspace       used 77096K, capacity 79168K, committed 79324K, reserved 1118208K
  class space    used 9909K, capacity 10594K, committed 10624K, reserved 1048576K
}
Event: 27.643 GC heap before
{Heap before GC invocations=20 (full 0):
 garbage-first heap   total 126976K, used 102811K [0x0000000080000000, 0x0000000100000000)
  region size 1024K, 44 young (45056K), 4 survivors (4096K)
 Metaspace       used 77194K, capacity 79162K, committed 79708K, reserved 1118208K
  class space    used 9856K, capacity 10504K, committed 10752K, reserved 1048576K
}
Event: 27.649 GC heap after
{Heap after GC invocations=21 (full 0):
 garbage-first heap   total 126976K, used 64777K [0x0000000080000000, 0x0000000100000000)
  region size 1024K, 5 young (5120K), 5 survivors (5120K)
 Metaspace       used 77194K, capacity 79162K, committed 79708K, reserved 1118208K
  class space    used 9856K, capacity 10504K, committed 10752K, reserved 1048576K
}
Event: 31.261 GC heap before
{Heap before GC invocations=21 (full 0):
 garbage-first heap   total 126976K, used 103689K [0x0000000080000000, 0x0000000100000000)
  region size 1024K, 44 young (45056K), 5 survivors (5120K)
 Metaspace       used 77297K, capacity 79294K, committed 79964K, reserved 1118208K
  class space    used 9856K, capacity 10504K, committed 10752K, reserved 1048576K
}
Event: 31.285 GC heap after
{Heap after GC invocations=22 (full 0):
 garbage-first heap   total 126976K, used 71253K [0x0000000080000000, 0x0000000100000000)
  region size 1024K, 6 young (6144K), 6 survivors (6144K)
 Metaspace       used 77297K, capacity 79294K, committed 79964K, reserved 1118208K
  class space    used 9856K, capacity 10504K, committed 10752K, reserved 1048576K
}
Event: 32.063 GC heap before
{Heap before GC invocations=23 (full 0):
 garbage-first heap   total 126976K, used 85589K [0x0000000080000000, 0x0000000100000000)
  region size 1024K, 22 young (22528K), 6 survivors (6144K)
 Metaspace       used 77314K, capacity 79294K, committed 79964K, reserved 1118208K
  class space    used 9856K, capacity 10504K, committed 10752K, reserved 1048576K
}
Event: 32.070 GC heap after
{Heap after GC invocations=24 (full 0):
 garbage-first heap   total 126976K, used 73847K [0x0000000080000000, 0x0000000100000000)
  region size 1024K, 4 young (4096K), 4 survivors (4096K)
 Metaspace       used 77314K, capacity 79294K, committed 79964K, reserved 1118208K
  class space    used 9856K, capacity 10504K, committed 10752K, reserved 1048576K
}
Event: 33.264 GC heap before
{Heap before GC invocations=25 (full 0):
 garbage-first heap   total 126976K, used 100471K [0x0000000080000000, 0x0000000100000000)
  region size 1024K, 27 young (27648K), 4 survivors (4096K)
 Metaspace       used 77340K, capacity 79331K, committed 79964K, reserved 1118208K
  class space    used 9851K, capacity 10495K, committed 10752K, reserved 1048576K
}
Event: 33.271 GC heap after
{Heap after GC invocations=26 (full 0):
 garbage-first heap   total 126976K, used 80806K [0x0000000080000000, 0x0000000100000000)
  region size 1024K, 4 young (4096K), 4 survivors (4096K)
 Metaspace       used 77340K, capacity 79331K, committed 79964K, reserved 1118208K
  class space    used 9851K, capacity 10495K, committed 10752K, reserved 1048576K
}

